Cogmind - Beta 7.2

I=0000000 Steam version detected
I=0000000 Initializing resources
I=0000011 Reading config: user/system.cfg
I=0000012 Reading config: user/options.cfg
I=0000014 Reading config: user/advanced.cfg
I=0000017 Initializing Rogue Engine X
I=0000017 |   Starting SDL
I=0000122 |   Importing icon
E=0000122 |   REX_Init() | Application icon "rex/icon.png" not found, this program may not be installed correctly!
I=0000122 |   Confirmed resource initialization
I=0000122 |   Loading colors
I=0000124 |   Initializing font type data
I=0000125 |   Mapping standard ASCII values
I=0000125 |   Loading fonts
I=0000130 |   |   [font set: 12/Smallcaps]
I=0000136 |   |   ...cogmind6x12_smallcaps.png
I=0000177 |   |   ..._default12x12.png
I=0000186 |   |   ...cp437_12x12.png
I=0000186 |   |   [font set: 12/Terminus]
I=0000191 |   |   ...cogmind6x12_terminus.png
I=0000238 |   |   ..._default12x12.png
I=0000254 |   |   ...cp437_12x12.png
I=0000254 |   |   [font set: 12/Crisp]
I=0000258 |   |   ...cogmind6x12_crisp.png
I=0000277 |   |   ..._default12x12.png
I=0000284 |   |   ...cp437_12x12.png
I=0000284 |   |   [font set: 12/Tallcaps]
I=0000287 |   |   ...cogmind6x12_tallcaps.png
I=0000306 |   |   ..._default12x12.png
I=0000315 |   |   ...cp437_12x12.png
I=0000315 |   |   [font set: 12/Proggy]
I=0000318 |   |   ...cogmind6x12_proggy.png
I=0000335 |   |   ..._default12x12.png
I=0000340 |   |   ...cp437_12x12.png
I=0000340 |   |   [font set: 12/Fuzzy]
I=0000348 |   |   ...cogmind6x12_fuzzy.png
I=0000364 |   |   ..._default12x12.png
I=0000369 |   |   ...cp437_12x12.png
I=0000369 |   |   [font set: 12/Cog]
I=0000373 |   |   ...cogmind6x12_cogmind.png
I=0000384 |   |   ..._default12x12.png
I=0000388 |   |   ...cp437_12x12.png
I=0000388 |   |   [font set: 12/CogTall]
I=0000393 |   |   ...cogmind6x12_cogmind_tall.png
I=0000405 |   |   ..._default12x12.png
I=0000413 |   |   ...cp437_12x12.png
I=0000414 |   |   [font set skipped: 12/T+Smallcaps] (unavailable)
I=0000414 |   |   [font set skipped: 12/T+Terminus] (unavailable)
I=0000414 |   |   [font set: 14/SmallcapsGlow]
I=0000420 |   |   ...cogmind7x14_smallcaps_stroked.png
I=0000446 |   |   ...cogmind14x14.png
I=0000454 |   |   ...cp437_14x14.png
I=0000454 |   |   [font set: 14/Smallcaps]
I=0000461 |   |   ...cogmind7x14_smallcaps.png
I=0000476 |   |   ...cogmind14x14.png
I=0000482 |   |   ...cp437_14x14.png
I=0000482 |   |   [font set: 14/SmallcapsLarge]
I=0000485 |   |   ...cogmind7x14_smallcaps_large.png
I=0000498 |   |   ...cogmind14x14.png
I=0000503 |   |   ...cp437_14x14.png
I=0000503 |   |   [font set: 14/Terminus]
I=0000507 |   |   ...cogmind7x14_terminus.png
I=0000520 |   |   ...cogmind14x14.png
I=0000525 |   |   ...cp437_14x14.png
I=0000525 |   |   [font set: 14/TerminusBold]
I=0000529 |   |   ...cogmind7x14_terminus_bold.png
I=0000542 |   |   ...cogmind14x14.png
I=0000550 |   |   ...cp437_14x14.png
I=0000550 |   |   [font set: 14/X11]
I=0000555 |   |   ...cogmind7x14_X11.png
I=0000576 |   |   ...cogmind14x14.png
I=0000582 |   |   ...cp437_14x14.png
I=0000583 |   |   [font set: 14/X11Bold]
I=0000586 |   |   ...cogmind7x14_X11_bold.png
I=0000599 |   |   ...cogmind14x14.png
I=0000604 |   |   ...cp437_14x14.png
I=0000604 |   |   [font set: 14/Dina]
I=0000607 |   |   ...cogmind7x14_dina.png
I=0000621 |   |   ...cogmind14x14.png
I=0000626 |   |   ...cp437_14x14.png
I=0000626 |   |   [font set: 14/Proggy]
I=0000629 |   |   ...cogmind7x14_proggy.png
I=0000643 |   |   ...cogmind14x14.png
I=0000648 |   |   ...cp437_14x14.png
I=0000649 |   |   [font set: 14/ProggyBold]
I=0000652 |   |   ...cogmind7x14_proggy_bold.png
I=0000665 |   |   ...cogmind14x14.png
I=0000670 |   |   ...cp437_14x14.png
I=0000670 |   |   [font set: 14/Cog]
I=0000673 |   |   ...cogmind7x14_cogmind.png
I=0000686 |   |   ...cogmind14x14.png
I=0000692 |   |   ...cp437_14x14.png
I=0000692 |   |   [font set skipped: 14/T+Smallcaps] (unavailable)
I=0000692 |   |   [font set skipped: 14/T+Terminus] (unavailable)
I=0000692 |   |   [font set skipped: 14/VGA+Smallcaps] (unavailable)
I=0000692 |   |   [font set skipped: 14/VGA+Terminus] (unavailable)
I=0000692 |   |   [font set: 16/SmallcapsGlow]
I=0000696 |   |   ...cogmind8x16_smallcaps_stroked.png
I=0000717 |   |   ...cogmind16x16.png
I=0000724 |   |   ...cp437_16x16.png
I=0000724 |   |   [font set: 16/Smallcaps]
I=0000728 |   |   ...cogmind8x16_smallcaps.png
I=0000745 |   |   ...cogmind16x16.png
I=0000755 |   |   ...cp437_16x16.png
I=0000755 |   |   [font set: 16/Terminus]
I=0000761 |   |   ...cogmind8x16_terminus.png
I=0000781 |   |   ...cogmind16x16.png
I=0000788 |   |   ...cp437_16x16.png
I=0000788 |   |   [font set: 16/Dina]
I=0000791 |   |   ...cogmind8x16_dina.png
I=0000809 |   |   ...cogmind16x16.png
I=0000815 |   |   ...cp437_16x16.png
I=0000815 |   |   [font set: 16/Proggy]
I=0000819 |   |   ...cogmind8x16_proggy.png
I=0000837 |   |   ...cogmind16x16.png
I=0000843 |   |   ...cp437_16x16.png
I=0000843 |   |   [font set: 16/Cog]
I=0000847 |   |   ...cogmind8x16_cogmind.png
I=0000865 |   |   ...cogmind16x16.png
I=0000871 |   |   ...cp437_16x16.png
I=0000871 |   |   [font set: 16/CogWide]
I=0000875 |   |   ...cogmind8x16_cogmind_wide.png
I=0000893 |   |   ...cogmind16x16.png
I=0000899 |   |   ...cp437_16x16.png
I=0000899 |   |   [font set skipped: 16/T+SmallcapsGlow] (unavailable)
I=0000899 |   |   [font set skipped: 16/T+Smallcaps] (unavailable)
I=0000899 |   |   [font set skipped: 16/T+Terminus] (unavailable)
I=0000899 |   |   [font set skipped: 16/T+Dina] (unavailable)
I=0000899 |   |   [font set skipped: 16/T+Proggy] (unavailable)
I=0000899 |   |   [font set skipped: 16/T+Cog] (unavailable)
I=0000899 |   |   [font set skipped: 16/T+CogWide] (unavailable)
I=0000900 |   |   [font set skipped: 16/V+SmallcapsGlow] (unavailable)
I=0000900 |   |   [font set skipped: 16/V+Smallcaps] (unavailable)
I=0000900 |   |   [font set skipped: 16/V+Terminus] (unavailable)
I=0000900 |   |   [font set skipped: 16/V+Dina] (unavailable)
I=0000900 |   |   [font set skipped: 16/V+Proggy] (unavailable)
I=0000900 |   |   [font set skipped: 16/V+Cog] (unavailable)
I=0000900 |   |   [font set skipped: 16/V+CogWide] (unavailable)
I=0000900 |   |   [font set skipped: 16/K+SmallcapsGlow] (unavailable)
I=0000900 |   |   [font set skipped: 16/K+Smallcaps] (unavailable)
I=0000900 |   |   [font set skipped: 16/K+Terminus] (unavailable)
I=0000900 |   |   [font set skipped: 16/K+Dina] (unavailable)
I=0000900 |   |   [font set skipped: 16/K+Proggy] (unavailable)
I=0000900 |   |   [font set skipped: 16/K+Cog] (unavailable)
I=0000900 |   |   [font set skipped: 16/K+CogWide] (unavailable)
I=0000900 |   |   [font set: 18/SmallcapsGlow]
I=0000905 |   |   ...cogmind9x18_smallcaps_stroked.png
I=0000926 |   |   ...cogmind18x18.png
I=0000934 |   |   ...cp437_18x18.png
I=0000934 |   |   [font set: 18/Smallcaps]
I=0000938 |   |   ...cogmind9x18_smallcaps.png
I=0000958 |   |   ...cogmind18x18.png
I=0000966 |   |   ...cp437_18x18.png
I=0000966 |   |   [font set: 18/Terminus]
I=0000971 |   |   ...cogmind9x18_terminus.png
I=0000993 |   |   ...cogmind18x18.png
I=0001000 |   |   ...cp437_18x18.png
I=0001001 |   |   [font set: 18/TerminusBold]
I=0001005 |   |   ...cogmind9x18_terminus_bold.png
I=0001026 |   |   ...cogmind18x18.png
I=0001033 |   |   ...cp437_18x18.png
I=0001033 |   |   [font set: 18/X11]
I=0001038 |   |   ...cogmind9x18_X11.png
I=0001058 |   |   ...cogmind18x18.png
I=0001066 |   |   ...cp437_18x18.png
I=0001066 |   |   [font set: 18/X11Bold]
I=0001071 |   |   ...cogmind9x18_X11_bold.png
I=0001092 |   |   ...cogmind18x18.png
I=0001099 |   |   ...cp437_18x18.png
I=0001099 |   |   [font set: 18/Cog]
I=0001104 |   |   ...cogmind9x18_cogmind.png
I=0001124 |   |   ...cogmind18x18.png
I=0001132 |   |   ...cp437_18x18.png
I=0001132 |   |   [font set: 18/CogNarrow]
I=0001137 |   |   ...cogmind9x18_cogmind_narrow.png
I=0001158 |   |   ...cogmind18x18.png
I=0001165 |   |   ...cp437_18x18.png
I=0001165 |   |   [font set: 18/CogWide]
I=0001170 |   |   ...cogmind9x18_cogmind_wide.png
I=0001190 |   |   ...cogmind18x18.png
I=0001198 |   |   ...cp437_18x18.png
I=0001198 |   |   [font set skipped: 18/T+SmallcapsGlow] (unavailable)
I=0001198 |   |   [font set skipped: 18/T+Smallcaps] (unavailable)
I=0001198 |   |   [font set skipped: 18/T+Terminus] (unavailable)
I=0001198 |   |   [font set skipped: 18/T+TerminusBold] (unavailable)
I=0001198 |   |   [font set skipped: 18/T+X11] (unavailable)
I=0001198 |   |   [font set skipped: 18/T+X11Bold] (unavailable)
I=0001199 |   |   [font set skipped: 18/T+Cog] (unavailable)
I=0001199 |   |   [font set skipped: 18/T+CogNarrow] (unavailable)
I=0001199 |   |   [font set skipped: 18/T+CogWide] (unavailable)
I=0001199 |   |   [font set ignored: 20/SmallcapsGlow] (resolution exceeds desktop)
I=0001199 |   |   [font set ignored: 20/Smallcaps] (resolution exceeds desktop)
I=0001199 |   |   [font set ignored: 20/Terminus] (resolution exceeds desktop)
I=0001199 |   |   [font set ignored: 20/X11] (resolution exceeds desktop)
I=0001199 |   |   [font set ignored: 20/All Caps] (resolution exceeds desktop)
I=0001199 |   |   [font set ignored: 20/Cased] (resolution exceeds desktop)
I=0001199 |   |   [font set ignored: 20/Cog] (resolution exceeds desktop)
I=0001199 |   |   [font set ignored: 20/CogNarrow] (resolution exceeds desktop)
I=0001199 |   |   [font set ignored: 20/CogTall] (resolution exceeds desktop)
I=0001199 |   |   [font set ignored: 24/Smallcaps] (resolution exceeds desktop)
I=0001199 |   |   [font set ignored: 24/Terminus] (resolution exceeds desktop)
I=0001199 |   |   [font set ignored: 24/Crisp] (resolution exceeds desktop)
I=0001199 |   |   [font set ignored: 24/Proggy] (resolution exceeds desktop)
I=0001199 |   |   [font set ignored: 24/Cog] (resolution exceeds desktop)
I=0001199 |   |   [font set ignored: 28/SmallcapsGlow] (resolution exceeds desktop)
I=0001199 |   |   [font set ignored: 28/Smallcaps] (resolution exceeds desktop)
I=0001200 |   |   [font set ignored: 28/SmallcapsLarge] (resolution exceeds desktop)
I=0001200 |   |   [font set ignored: 28/Terminus] (resolution exceeds desktop)
I=0001200 |   |   [font set ignored: 28/X11] (resolution exceeds desktop)
I=0001200 |   |   [font set ignored: 28/X11Bold] (resolution exceeds desktop)
I=0001200 |   |   [font set ignored: 28/Dina] (resolution exceeds desktop)
I=0001200 |   |   [font set ignored: 28/Proggy] (resolution exceeds desktop)
I=0001200 |   |   [font set ignored: 28/ProggyBold] (resolution exceeds desktop)
I=0001200 |   |   [font set ignored: 28/Cog] (resolution exceeds desktop)
I=0001200 |   |   [font set ignored: 32/SmallcapsGlow] (resolution exceeds desktop)
I=0001200 |   |   [font set ignored: 32/Smallcaps] (resolution exceeds desktop)
I=0001200 |   |   [font set ignored: 32/Terminus] (resolution exceeds desktop)
I=0001200 |   |   [font set ignored: 32/Dina] (resolution exceeds desktop)
I=0001200 |   |   [font set ignored: 32/Proggy] (resolution exceeds desktop)
I=0001200 |   |   [font set ignored: 32/Cog] (resolution exceeds desktop)
I=0001200 |   |   [font set ignored: 32/CogWide] (resolution exceeds desktop)
I=0001200 |   |   [font set ignored: 36/Smallcaps] (resolution exceeds desktop)
I=0001200 |   |   [font set ignored: 36/Crisp] (resolution exceeds desktop)
I=0001200 |   |   [font set ignored: 36/Terminus] (resolution exceeds desktop)
I=0001201 |   |   [font set ignored: 36/Proggy] (resolution exceeds desktop)
I=0001201 |   |   [font set ignored: 36/Cog] (resolution exceeds desktop)
I=0001201 |   |   [font set ignored: 36/TerminusFine] (resolution exceeds desktop)
I=0001201 |   |   [font set ignored: 36/TerminusBold] (resolution exceeds desktop)
I=0001201 |   |   [font set ignored: 36/X11] (resolution exceeds desktop)
I=0001201 |   |   [font set ignored: 36/X11Bold] (resolution exceeds desktop)
I=0001201 |   |   [font set ignored: 36/CogFine] (resolution exceeds desktop)
I=0001201 |   |   [font set ignored: 36/CogNarrow] (resolution exceeds desktop)
I=0001201 |   |   [font set ignored: 36/CogWide] (resolution exceeds desktop)
I=0001201 |   |   [font set: 8/Mini]
I=0001203 |   |   ...cogmind4x8.png
I=0001207 |   |   ...cogmind8x8.png
I=0001209 |   |   ...cp437_8x8.png
I=0001209 |   |   [font set: 10/Smallcaps]
I=0001211 |   |   ...cogmind5x10_smallcaps.png
I=0001218 |   |   ...cogmind10x10.png
I=0001220 |   |   ...cp437_10x10.png
I=0001221 |   |   [font set: 10/Cased]
I=0001223 |   |   ...cogmind5x10_cased.png
I=0001229 |   |   ...cogmind10x10.png
I=0001232 |   |   ...cp437_10x10.png
I=0001232 |   \---DONE
I=0001232 |   Setting video mode
I=0001232 |   |   Targeting fullscreen
I=0001232 |   |   Calculating dimensions
I=0001232 |   |   ...charW=6
I=0001232 |   |   ...charH=12
I=0001232 |   |   ...wMin=1272
I=0001232 |   |   ...hMin=720
I=0001232 |   |   ...wWanted=1920
I=0001232 |   |   ...hWanted=1080
I=0001232 |   |   Limited video mode availability
I=0001232 |   |   Testing mode: 1920x1080
I=0001232 |   |   ...OKAY: wBest=1920, hBest=1080
I=0001232 |   |   Testing mode: 1680x1050
I=0001232 |   |   ...dimensions unsuitable
I=0001232 |   |   Testing mode: 1440x900
I=0001232 |   |   ...dimensions unsuitable
I=0001232 |   |   Testing mode: 1280x1024
I=0001232 |   |   ...dimensions unsuitable
I=0001232 |   |   Testing mode: 1280x960
I=0001232 |   |   ...dimensions unsuitable
I=0001232 |   |   Testing mode: 1280x800
I=0001232 |   |   ...dimensions unsuitable
I=0001232 |   |   Testing mode: 1280x720
I=0001232 |   |   ...dimensions unsuitable
I=0001232 |   |   Testing mode: 1152x864
I=0001232 |   |   ...dimensions unsuitable
I=0001232 |   |   Testing mode: 1024x768
I=0001232 |   |   ...dimensions unsuitable
I=0001232 |   |   Testing mode: 832x624
I=0001232 |   |   ...dimensions unsuitable
I=0001232 |   |   Testing mode: 800x600
I=0001232 |   |   ...dimensions unsuitable
I=0001232 |   |   Testing mode: 720x576
I=0001232 |   |   ...dimensions unsuitable
I=0001232 |   |   Testing mode: 720x480
I=0001232 |   |   ...dimensions unsuitable
I=0001232 |   |   Testing mode: 720x400
I=0001233 |   |   ...dimensions unsuitable
I=0001233 |   |   Testing mode: 640x480
I=0001233 |   |   ...dimensions unsuitable
I=0001233 |   |   Setting software video mode
I=0001395 |   |   Setting fullscreen offset: +324,+180
I=0001399 |   \---DONE
I=0001399 |   Setting video mode
I=0001399 |   |   T
I=0002727 |   |   Setting fullscreen offset: +324,+180
I=0002730 |   \---DONE
I=0002730 |   Setting video mode
I=0002730 |   |   Targeting fullscreen
I=0002730 |   |   Calculating dimensions
I=0002730 |   |   ...charW=6
I=0002730 |   |   ...charH=12
I=0002730 |   |   ...wMin=1272
I=0002730 |   |   ...hMin=720
I=0002730 |   |   ...wWanted=1920
I=0002730 |   |   ...hWanted=1080
I=0002730 |   |   Limited video mode availability
I=0002730 |   |   Testing mode: 1920x1080
I=0002730 |   |   ...OKAY: wBest=1920, hBest=1080
I=0002730 |   |   Testing mode: 1680x1050
I=0002730 |   |   ...dimensions unsuitable
I=0002730 |   |   Testing mode: 1440x900
I=0002730 |   |   ...dimensions unsuitable
I=0002730 |   |   Testing mode: 1280x1024
I=0002730 |   |   ...dimensions unsuitable
I=0002730 |   |   Testing mode: 1280x960
I=0002730 |   |   ...dimensions unsuitable
I=0002730 |   |   Testing mode: 1280x800
I=0002730 |   |   ...dimensions unsuitable
I=0002730 |   |   Testing mode: 1280x720
I=0002730 |   |   ...dimensions unsuitable
I=0002730 |   |   Testing mode: 1152x864
I=0002730 |   |   ...dimensions unsuitable
I=0002730 |   |   Testing mode: 1024x768
I=0002730 |   |   ...dimensions unsuitable
I=0002730 |   |   Testing mode: 832x624
I=0002730 |   |   ...dimensions unsuitable
I=0002730 |   |   Testing mode: 800x600
I=0002730 |   |   ...dimensions unsuitable
I=0002731 |   |   Testing mode: 720x576
I=0002731 |   |   ...dimensions unsuitable
I=0002731 |   |   Testing mode: 720x480
I=0002731 |   |   ...dimensions unsuitable
I=0002731 |   |   Testing mode: 720x400
I=0002731 |   |   ...dimensions unsuitable
I=0002731 |   |   Testing mode: 640x480
I=0002731 |   |   ...dimensions unsuitable
I=0002731 |   |   Settin
I=0002691 |   Creat
I=0003911 |   |   Setting fullscreen offset: +324,+180
I=0005993 |   \---DONE
I=0005993 |   Initializing audio
I=0006101 |   Creating console
I=0006107 \---DONE
I=0006108 Setting video mode
I=0006108 |   Targeting fullscreen
I=0006108 |   Calculating dimensions
I=0006108 |   ...charW=9
I=0006108 |   ...charH=18
I=0006108 |   ...wMin=1908
I=0006108 |   ...hMin=1080
I=0006108 |   ...wWanted=1920
I=0006108 |   ...hWanted=1080
I=0006108 |   Limited video mode availability
I=0006108 |   Testing mode: 1920x1080
I=0006108 |   ...OKAY: wBest=1920, hBest=1080
I=0006108 |   Testing mode: 1680x1050
I=0006108 |   ...dimensions unsuitable
I=0006108 |   Testing mode: 1440x900
I=0006108 |   ...dimensions unsuitable
I=0006108 |   Testing mode: 1280x1024
I=0006108 |   ...dimensions unsuitable
I=0006108 |   Testing mode: 1280x960
I=0006108 |   ...dimensions unsuitable
I=0006108 |   Testing mode: 1280x800
I=0006108 |   ...dimensions unsuitable
I=0006109 |   Testing mode: 1280x720
I=0006109 |   ...dimensions unsuitable
I=0006109 |   Testing mode: 1152x864
I=0006109 |   ...dimensions unsuitable
I=0006109 |   Testing mode: 1024x768
I=0006109 |   ...dimensions unsuitable
I=0006109 |   Testing mode: 832x624
I=0006109 |   ...dimensions unsuitable
I=0006109 |   Testing mode: 800x600
I=0006109 |   ...dimensions unsuitable
I=0006109 |   Testing mode: 720x576
I=0006109 |   ...dimensions unsuitable
I=0006109 |   Testing mode: 720x480
I=0006109 |   ...dimensions unsuitable
I=0006109 |   Testing mode: 720x400
I=0006109 |   ...dimensions unsuitable
I=0006109 |   Testing mode: 640x480
I=0006109 |   ...dimensions unsuitable
I=0006109 |   Setting software video mode
I=0008133 |   Setting fullscreen offset: +6,+0
I=0008137 \---DONE
I=0008159 Steam API | Initializing
I=0008162 |   Failed, Steam features disabled
I=0008162 \---DONE
I=0008162 GM::initialize() | Initializing game
I=0008162 |   Creating game consoles
I=0008165 |   CMission() | Creating CMission
I=0008165 |   |   Initializing input domains and commands
I=0008166 |   |   Creating top-level consoles
I=0008166 |   |   ...CCommands
E=0008168 |   |   AsciiImage() | Failed to load image: data/art/credits.x
I=0008168 |   |   ...CMap
I=0008169 |   |   ...CHud
I=0008178 |   |   ...CLog
I=0008179 |   |   ...CExtendedLog
I=0008180 |   |   ...CCalcs
I=0008180 |   |   ...CAllies
I=0008181 |   |   ...CIntel
I=0008181 |   |   ...CMulticonsoleButtons
I=0008182 |   |   ...CHack
I=0008182 |   |   ...CStatus
I=0008183 |   |   ...CInfo
I=0008184 |   |   ...CInterfaceMsg
I=0008184 |   |   ...CEffects
I=0008185 |   |   Loading inline colors
I=0008185 |   \---DONE
I=0008185 |   Mapping characters
I=0008185 |   Loading tutorial records
I=0008185 |   (user/tutor.bin not found, resetting tutorial)
I=0008185 |   GM::loadDataset() | Loading static objects
I=0008185 |   |   Loading Sound Groups...
I=0008186 |   |   [File: data/audio/groups.xd] 
I=0008187 |   |   ...29 Sound Groups loaded
I=0008189 |   |   Loading Sounds...
I=0008190 |   |   Loading Combat Particles...
I=0008190 |   |   Loading 2D Particles...
I=0008191 |   |   [File: data/audio/sounds.xd] 
I=0008191 |   |   [File: data/objects/particles_map.xd] 
I=0008193 |
I=0007318 |   |   ...4618 GUI Particles loaded
I=0017451 |   |   Loading Interface Message Styles...
I=0017484 |   |   [File: data/messages/interface_styles.xt] 
I=0017485 |   | 
I=0021209 |   |   Loading Interface Message Styles...
I=0021210 |   |   [File: data/messages/interface_styles.xt] 
I=0021210 |   |   ...4 Interface Message Styles loaded
I=0021210 |   |   Loading Interface Messages...
I=0021211 |   |   [File: data/messages/interface.xt] 
I=0021216 |   |   ...126 Interface Messages loaded
I=0021216 |   |   Loading Combat Message Styles...
I=0021216 |   |   [File: data/messages/log_styles.xt] 
I=0021218 |   |   ...17 Combat Message Styles loaded
I=0021218 |   |   Loading Combat Messages...
I=0021218 |   |   [File: data/messages/log.xt] 
I=0021251 |   |   ...479 Combat Messages loaded
I=0021251 |   |   Loading Special Ability Combat Message Styles...
I=0021252 |   |   [File: data/messages/specialability_styles.xt] 
I=0021253 |   |   ...Loading complete
I=0021253 |   |   Loading Explosions...
I=0021254 |   |   [File: data/objects/explosions.xd] 
I=0021312 |   |   ...212 Explosions loaded
I=0021312 |   |   Loading Traits...
I=0021313 |   |   [File: data/objects/traits.xd] 
I=0021318 |   |   ...100 Traits loaded
I=0021318 |   |   Searching for required traits...
I=0021318 |   |   Loading Materials...
I=0021318 |   |   [File: data/objects/materials.xd] 
I=0021320 |   |   ...14 Materials loaded
I=0021320 |   |   Loading Sound Classes...
I=0021320 |   |   [File: data/objects/sound_classes.xd] 
I=0021328 |   |   ...8 Sound Classes loaded
I=0021328 |   |   Loading Encounters...
I=0021330 |   |   [File: data/maps/encounters/encounters.xd] 
E=0021330 |   |   PrefabImage() | Failed to load prefab: data/maps/encounters/MAT_storage_storage.x
F=0021330 |   |   data/maps/encounters/encounters.xd | Error in line 8: ENC_MAT_STORAGE_STORAGE unable to find related prefab "MAT_storage_storage.x"